<?xml version="1.0" encoding="UTF-8"?>
<!-- Generated by org.testng.reporters.JUnitReportReporter -->
<testsuite hostname="Hardeep-PC" failures="0" tests="1" name="org.snappet.runner.TestRunner" time="20.505" errors="0" timestamp="31 Aug 2019 21:07:37 GMT">
  <testcase classname="org.snappet.runner.TestRunner" name="feature" time="20.505"/>
</testsuite> <!-- org.snappet.runner.TestRunner -->
